Loaded dependency [numpy/1.22.3-python-3.9.11-openblas-0.3.19]: openblas/0.3.19
Loaded dependency [python3/3.9.11]: gcc/10.3.0-binutils-2.36.1
Loaded dependency [numpy/1.22.3-python-3.9.11-openblas-0.3.19]: python3/3.9.11
Loaded dependency [pandas/1.4.1-python-3.9.11]: numpy/1.22.3-python-3.9.11-openblas-0.3.19
Loaded module: pandas/1.4.1-python-3.9.11

Loading pandas/1.4.1-python-3.9.11
  Loading requirement: openblas/0.3.19 gcc/10.3.0-binutils-2.36.1 python3/3.9.11
    numpy/1.22.3-python-3.9.11-openblas-0.3.19
Traceback (most recent call last):
  File "/zhome/de/d/169059/Desktop/FasttextDL/evaluation.py", line 60, in <module>
    dfEval = pd.read_csv('0-3scoringTestSet.txt', sep=' ')
  File "/appl/pandas/1.4.1-numpy-1.22.3-python-3.9.11/lib/python3.9/site-packages/pandas-1.4.1-py3.9-linux-x86_64.egg/pandas/util/_decorators.py", line 311, in wrapper
    return func(*args, **kwargs)
  File "/appl/pandas/1.4.1-numpy-1.22.3-python-3.9.11/lib/python3.9/site-packages/pandas-1.4.1-py3.9-linux-x86_64.egg/pandas/io/parsers/readers.py", line 680, in read_csv
    return _read(filepath_or_buffer, kwds)
  File "/appl/pandas/1.4.1-numpy-1.22.3-python-3.9.11/lib/python3.9/site-packages/pandas-1.4.1-py3.9-linux-x86_64.egg/pandas/io/parsers/readers.py", line 575, in _read
    parser = TextFileReader(filepath_or_buffer, **kwds)
  File "/appl/pandas/1.4.1-numpy-1.22.3-python-3.9.11/lib/python3.9/site-packages/pandas-1.4.1-py3.9-linux-x86_64.egg/pandas/io/parsers/readers.py", line 933, in __init__
    self._engine = self._make_engine(f, self.engine)
  File "/appl/pandas/1.4.1-numpy-1.22.3-python-3.9.11/lib/python3.9/site-packages/pandas-1.4.1-py3.9-linux-x86_64.egg/pandas/io/parsers/readers.py", line 1217, in _make_engine
    self.handles = get_handle(  # type: ignore[call-overload]
  File "/appl/pandas/1.4.1-numpy-1.22.3-python-3.9.11/lib/python3.9/site-packages/pandas-1.4.1-py3.9-linux-x86_64.egg/pandas/io/common.py", line 789, in get_handle
    handle = open(
FileNotFoundError: [Errno 2] No such file or directory: '0-3scoringTestSet.txt'
